<?xml version="1.0" encoding="UTF-8"?>
<testng-results ignored="0" total="1" passed="1" failed="0" skipped="0">
  <reporter-output>
  </reporter-output>
  <suite started-at="2022-06-23T22:22:34 PDT" name="Default suite" finished-at="2022-06-23T22:22:51 PDT" duration-ms="17407">
    <groups>
      <group name="cucumber">
        <method signature="AbstractTestNGCucumberTests.feature(cucumber.api.testng.CucumberFeatureWrapper)[pri:0, instance:com.shishir.shishir.testRunner@65f095f8]" name="feature" class="cucumber.api.testng.AbstractTestNGCucumberTests"/>
      </group> <!-- cucumber -->
    </groups>
    <test started-at="2022-06-23T22:22:34 PDT" name="Default test" finished-at="2022-06-23T22:22:51 PDT" duration-ms="17407">
      <class name="com.shishir.shishir.testRunner">
        <test-method is-config="true" signature="setUpClass()[pri:0, instance:com.shishir.shishir.testRunner@65f095f8]" started-at="2022-06-23T22:22:34 PDT" name="setUpClass" finished-at="2022-06-23T22:22:34 PDT" duration-ms="173" status="PASS">
          <reporter-output>
          </reporter-output>
        </test-method> <!-- setUpClass -->
        <test-method signature="feature(cucumber.api.testng.CucumberFeatureWrapper)[pri:0, instance:com.shishir.shishir.testRunner@65f095f8]" started-at="2022-06-23T22:22:34 PDT" name="feature" description="Runs Cucumber Feature" data-provider="features" finished-at="2022-06-23T22:22:51 PDT" duration-ms="17133" status="PASS">
          <params>
            <param index="0">
              <value>
                <![CDATA[This is an amazon login functionality]]>
              </value>
            </param>
          </params>
          <reporter-output>
          </reporter-output>
        </test-method> <!-- feature -->
        <test-method is-config="true" signature="tearDownClass()[pri:0, instance:com.shishir.shishir.testRunner@65f095f8]" started-at="2022-06-23T22:22:51 PDT" name="tearDownClass" finished-at="2022-06-23T22:22:51 PDT" duration-ms="8" status="PASS">
          <reporter-output>
          </reporter-output>
        </test-method> <!-- tearDownClass -->
      </class> <!-- com.shishir.shishir.testRunner -->
    </test> <!-- Default test -->
  </suite> <!-- Default suite -->
</testng-results>
